[1.200s] DEBUG:colcon:Command line arguments: ['/usr/bin/colcon', 'build']
[1.202s] DEBUG:colcon:Parsed command line arguments: Namespace(log_base=None, log_level=None, verb_name='build', build_base='build', install_base='install', merge_install=False, symlink_install=False, test_result_base=None, continue_on_error=False, executor='parallel', parallel_workers=2, event_handlers=None, ignore_user_meta=False, metas=['./colcon.meta'], base_paths=['.'], packages_ignore=None, packages_ignore_regex=None, paths=None, packages_up_to=None, packages_up_to_regex=None, packages_above=None, packages_above_and_dependencies=None, packages_above_depth=None, packages_select_by_dep=None, packages_skip_by_dep=None, packages_skip_up_to=None, packages_select_build_failed=False, packages_skip_build_finished=False, packages_select_test_failures=False, packages_skip_test_passed=False, packages_select=None, packages_skip=None, packages_select_regex=None, packages_skip_regex=None, packages_start=None, packages_end=None, cmake_args=None, cmake_target=None, cmake_target_skip_unavailable=False, cmake_clean_cache=False, cmake_clean_first=False, cmake_force_configure=False, ament_cmake_args=None, catkin_cmake_args=None, catkin_skip_building_tests=False, verb_parser=<colcon_defaults.argument_parser.defaults.DefaultArgumentsDecorator object at 0x7328e60156d0>, verb_extension=<colcon_core.verb.build.BuildVerb object at 0x7328e613a240>, main=<bound method BuildVerb.main of <colcon_core.verb.build.BuildVerb object at 0x7328e613a240>>)
[1.527s] Level 1:colcon.colcon_core.package_discovery:discover_packages(colcon_meta) check parameters
[1.527s] Level 1:colcon.colcon_core.package_discovery:discover_packages(recursive) check parameters
[1.527s] Level 1:colcon.colcon_core.package_discovery:discover_packages(ignore) check parameters
[1.528s] Level 1:colcon.colcon_core.package_discovery:discover_packages(path) check parameters
[1.528s] Level 1:colcon.colcon_core.package_discovery:discover_packages(colcon_meta) discover
[1.528s] Level 1:colcon.colcon_core.package_discovery:discover_packages(recursive) discover
[1.528s] INFO:colcon.colcon_core.package_discovery:Crawling recursively for packages in '/home/yassin_ezzat/AUR-Training-25'
[1.528s] Level 1:colcon.colcon_core.package_identification:_identify(.) by extensions ['ignore', 'ignore_ament_install']
[1.530s] Level 1:colcon.colcon_core.package_identification:_identify(.) by extension 'ignore'
[1.530s] Level 1:colcon.colcon_core.package_identification:_identify(.) by extension 'ignore_ament_install'
[1.531s] Level 1:colcon.colcon_core.package_identification:_identify(.) by extensions ['colcon_pkg']
[1.531s] Level 1:colcon.colcon_core.package_identification:_identify(.) by extension 'colcon_pkg'
[1.531s] Level 1:colcon.colcon_core.package_identification:_identify(.) by extensions ['colcon_meta']
[1.531s] Level 1:colcon.colcon_core.package_identification:_identify(.) by extension 'colcon_meta'
[1.531s] Level 1:colcon.colcon_core.package_identification:_identify(.) by extensions ['ros']
[1.531s] Level 1:colcon.colcon_core.package_identification:_identify(.) by extension 'ros'
[1.752s] Level 1:colcon.colcon_core.package_identification:_identify(.) by extensions ['cmake', 'python']
[1.752s] Level 1:colcon.colcon_core.package_identification:_identify(.) by extension 'cmake'
[1.752s] Level 1:colcon.colcon_core.package_identification:_identify(.) by extension 'python'
[1.752s] Level 1:colcon.colcon_core.package_identification:_identify(.) by extensions ['python_setup_py']
[1.752s] Level 1:colcon.colcon_core.package_identification:_identify(.) by extension 'python_setup_py'
[1.753s] Level 1:colcon.colcon_core.package_identification:_identify(Phase_2) by extensions ['ignore', 'ignore_ament_install']
[1.753s] Level 1:colcon.colcon_core.package_identification:_identify(Phase_2) by extension 'ignore'
[1.754s] Level 1:colcon.colcon_core.package_identification:_identify(Phase_2) by extension 'ignore_ament_install'
[1.754s] Level 1:colcon.colcon_core.package_identification:_identify(Phase_2) by extensions ['colcon_pkg']
[1.754s] Level 1:colcon.colcon_core.package_identification:_identify(Phase_2) by extension 'colcon_pkg'
[1.755s] Level 1:colcon.colcon_core.package_identification:_identify(Phase_2) by extensions ['colcon_meta']
[1.755s] Level 1:colcon.colcon_core.package_identification:_identify(Phase_2) by extension 'colcon_meta'
[1.755s] Level 1:colcon.colcon_core.package_identification:_identify(Phase_2) by extensions ['ros']
[1.757s] Level 1:colcon.colcon_core.package_identification:_identify(Phase_2) by extension 'ros'
[1.758s] Level 1:colcon.colcon_core.package_identification:_identify(Phase_2) by extensions ['cmake', 'python']
[1.758s] Level 1:colcon.colcon_core.package_identification:_identify(Phase_2) by extension 'cmake'
[1.758s] Level 1:colcon.colcon_core.package_identification:_identify(Phase_2) by extension 'python'
[1.759s] Level 1:colcon.colcon_core.package_identification:_identify(Phase_2) by extensions ['python_setup_py']
[1.759s] Level 1:colcon.colcon_core.package_identification:_identify(Phase_2) by extension 'python_setup_py'
[1.760s] Level 1:colcon.colcon_core.package_identification:_identify(Phase_2/Session_3) by extensions ['ignore', 'ignore_ament_install']
[1.760s] Level 1:colcon.colcon_core.package_identification:_identify(Phase_2/Session_3) by extension 'ignore'
[1.760s] Level 1:colcon.colcon_core.package_identification:_identify(Phase_2/Session_3) by extension 'ignore_ament_install'
[1.762s] Level 1:colcon.colcon_core.package_identification:_identify(Phase_2/Session_3) by extensions ['colcon_pkg']
[1.762s] Level 1:colcon.colcon_core.package_identification:_identify(Phase_2/Session_3) by extension 'colcon_pkg'
[1.762s] Level 1:colcon.colcon_core.package_identification:_identify(Phase_2/Session_3) by extensions ['colcon_meta']
[1.762s] Level 1:colcon.colcon_core.package_identification:_identify(Phase_2/Session_3) by extension 'colcon_meta'
[1.762s] Level 1:colcon.colcon_core.package_identification:_identify(Phase_2/Session_3) by extensions ['ros']
[1.763s] Level 1:colcon.colcon_core.package_identification:_identify(Phase_2/Session_3) by extension 'ros'
[1.763s] Level 1:colcon.colcon_core.package_identification:_identify(Phase_2/Session_3) by extensions ['cmake', 'python']
[1.763s] Level 1:colcon.colcon_core.package_identification:_identify(Phase_2/Session_3) by extension 'cmake'
[1.763s] Level 1:colcon.colcon_core.package_identification:_identify(Phase_2/Session_3) by extension 'python'
[1.764s] Level 1:colcon.colcon_core.package_identification:_identify(Phase_2/Session_3) by extensions ['python_setup_py']
[1.764s] Level 1:colcon.colcon_core.package_identification:_identify(Phase_2/Session_3) by extension 'python_setup_py'
[1.765s] Level 1:colcon.colcon_core.package_identification:_identify(Phase_2/ros2_ws) by extensions ['ignore', 'ignore_ament_install']
[1.765s] Level 1:colcon.colcon_core.package_identification:_identify(Phase_2/ros2_ws) by extension 'ignore'
[1.765s] Level 1:colcon.colcon_core.package_identification:_identify(Phase_2/ros2_ws) by extension 'ignore_ament_install'
[1.766s] Level 1:colcon.colcon_core.package_identification:_identify(Phase_2/ros2_ws) by extensions ['colcon_pkg']
[1.766s] Level 1:colcon.colcon_core.package_identification:_identify(Phase_2/ros2_ws) by extension 'colcon_pkg'
[1.766s] Level 1:colcon.colcon_core.package_identification:_identify(Phase_2/ros2_ws) by extensions ['colcon_meta']
[1.767s] Level 1:colcon.colcon_core.package_identification:_identify(Phase_2/ros2_ws) by extension 'colcon_meta'
[1.767s] Level 1:colcon.colcon_core.package_identification:_identify(Phase_2/ros2_ws) by extensions ['ros']
[1.767s] Level 1:colcon.colcon_core.package_identification:_identify(Phase_2/ros2_ws) by extension 'ros'
[1.768s] Level 1:colcon.colcon_core.package_identification:_identify(Phase_2/ros2_ws) by extensions ['cmake', 'python']
[1.768s] Level 1:colcon.colcon_core.package_identification:_identify(Phase_2/ros2_ws) by extension 'cmake'
[1.769s] Level 1:colcon.colcon_core.package_identification:_identify(Phase_2/ros2_ws) by extension 'python'
[1.769s] Level 1:colcon.colcon_core.package_identification:_identify(Phase_2/ros2_ws) by extensions ['python_setup_py']
[1.769s] Level 1:colcon.colcon_core.package_identification:_identify(Phase_2/ros2_ws) by extension 'python_setup_py'
[1.772s] Level 1:colcon.colcon_core.package_identification:_identify(Phase_2/ros2_ws/build) by extensions ['ignore', 'ignore_ament_install']
[1.773s] Level 1:colcon.colcon_core.package_identification:_identify(Phase_2/ros2_ws/build) by extension 'ignore'
[1.774s] Level 1:colcon.colcon_core.package_identification:_identify(Phase_2/ros2_ws/build) ignored
[1.777s] Level 1:colcon.colcon_core.package_identification:_identify(Phase_2/ros2_ws/install) by extensions ['ignore', 'ignore_ament_install']
[1.777s] Level 1:colcon.colcon_core.package_identification:_identify(Phase_2/ros2_ws/install) by extension 'ignore'
[1.779s] Level 1:colcon.colcon_core.package_identification:_identify(Phase_2/ros2_ws/install) ignored
[1.784s] Level 1:colcon.colcon_core.package_identification:_identify(Phase_2/ros2_ws/log) by extensions ['ignore', 'ignore_ament_install']
[1.785s] Level 1:colcon.colcon_core.package_identification:_identify(Phase_2/ros2_ws/log) by extension 'ignore'
[1.786s] Level 1:colcon.colcon_core.package_identification:_identify(Phase_2/ros2_ws/log) ignored
[1.787s] Level 1:colcon.colcon_core.package_identification:_identify(Phase_2/ros2_ws/src) by extensions ['ignore', 'ignore_ament_install']
[1.787s] Level 1:colcon.colcon_core.package_identification:_identify(Phase_2/ros2_ws/src) by extension 'ignore'
[1.788s] Level 1:colcon.colcon_core.package_identification:_identify(Phase_2/ros2_ws/src) by extension 'ignore_ament_install'
[1.790s] Level 1:colcon.colcon_core.package_identification:_identify(Phase_2/ros2_ws/src) by extensions ['colcon_pkg']
[1.790s] Level 1:colcon.colcon_core.package_identification:_identify(Phase_2/ros2_ws/src) by extension 'colcon_pkg'
[1.790s] Level 1:colcon.colcon_core.package_identification:_identify(Phase_2/ros2_ws/src) by extensions ['colcon_meta']
[1.790s] Level 1:colcon.colcon_core.package_identification:_identify(Phase_2/ros2_ws/src) by extension 'colcon_meta'
[1.791s] Level 1:colcon.colcon_core.package_identification:_identify(Phase_2/ros2_ws/src) by extensions ['ros']
[1.791s] Level 1:colcon.colcon_core.package_identification:_identify(Phase_2/ros2_ws/src) by extension 'ros'
[1.791s] Level 1:colcon.colcon_core.package_identification:_identify(Phase_2/ros2_ws/src) by extensions ['cmake', 'python']
[1.791s] Level 1:colcon.colcon_core.package_identification:_identify(Phase_2/ros2_ws/src) by extension 'cmake'
[1.792s] Level 1:colcon.colcon_core.package_identification:_identify(Phase_2/ros2_ws/src) by extension 'python'
[1.792s] Level 1:colcon.colcon_core.package_identification:_identify(Phase_2/ros2_ws/src) by extensions ['python_setup_py']
[1.793s] Level 1:colcon.colcon_core.package_identification:_identify(Phase_2/ros2_ws/src) by extension 'python_setup_py'
[1.793s] Level 1:colcon.colcon_core.package_identification:_identify(Phase_2/ros2_ws/src/pkg_py) by extensions ['ignore', 'ignore_ament_install']
[1.794s] Level 1:colcon.colcon_core.package_identification:_identify(Phase_2/ros2_ws/src/pkg_py) by extension 'ignore'
[1.797s] Level 1:colcon.colcon_core.package_identification:_identify(Phase_2/ros2_ws/src/pkg_py) by extension 'ignore_ament_install'
[1.797s] Level 1:colcon.colcon_core.package_identification:_identify(Phase_2/ros2_ws/src/pkg_py) by extensions ['colcon_pkg']
[1.797s] Level 1:colcon.colcon_core.package_identification:_identify(Phase_2/ros2_ws/src/pkg_py) by extension 'colcon_pkg'
[1.797s] Level 1:colcon.colcon_core.package_identification:_identify(Phase_2/ros2_ws/src/pkg_py) by extensions ['colcon_meta']
[1.797s] Level 1:colcon.colcon_core.package_identification:_identify(Phase_2/ros2_ws/src/pkg_py) by extension 'colcon_meta'
[1.798s] Level 1:colcon.colcon_core.package_identification:_identify(Phase_2/ros2_ws/src/pkg_py) by extensions ['ros']
[1.798s] Level 1:colcon.colcon_core.package_identification:_identify(Phase_2/ros2_ws/src/pkg_py) by extension 'ros'
[2.054s] DEBUG:colcon.colcon_core.package_identification:Package 'Phase_2/ros2_ws/src/pkg_py' with type 'ros.ament_python' and name 'pkg_py'
[2.055s] Level 1:colcon.colcon_core.package_identification:_identify(Phase_2/ros2_ws/src/turtle_pkg) by extensions ['ignore', 'ignore_ament_install']
[2.055s] Level 1:colcon.colcon_core.package_identification:_identify(Phase_2/ros2_ws/src/turtle_pkg) by extension 'ignore'
[2.055s] Level 1:colcon.colcon_core.package_identification:_identify(Phase_2/ros2_ws/src/turtle_pkg) by extension 'ignore_ament_install'
[2.056s] Level 1:colcon.colcon_core.package_identification:_identify(Phase_2/ros2_ws/src/turtle_pkg) by extensions ['colcon_pkg']
[2.056s] Level 1:colcon.colcon_core.package_identification:_identify(Phase_2/ros2_ws/src/turtle_pkg) by extension 'colcon_pkg'
[2.056s] Level 1:colcon.colcon_core.package_identification:_identify(Phase_2/ros2_ws/src/turtle_pkg) by extensions ['colcon_meta']
[2.056s] Level 1:colcon.colcon_core.package_identification:_identify(Phase_2/ros2_ws/src/turtle_pkg) by extension 'colcon_meta'
[2.056s] Level 1:colcon.colcon_core.package_identification:_identify(Phase_2/ros2_ws/src/turtle_pkg) by extensions ['ros']
[2.056s] Level 1:colcon.colcon_core.package_identification:_identify(Phase_2/ros2_ws/src/turtle_pkg) by extension 'ros'
[2.098s] DEBUG:colcon.colcon_core.package_identification:Package 'Phase_2/ros2_ws/src/turtle_pkg' with type 'ros.ament_python' and name 'turtle_pkg'
[2.099s] Level 1:colcon.colcon_core.package_identification:_identify(Phase_2/ros2_ws/src/weather_py) by extensions ['ignore', 'ignore_ament_install']
[2.100s] Level 1:colcon.colcon_core.package_identification:_identify(Phase_2/ros2_ws/src/weather_py) by extension 'ignore'
[2.101s] Level 1:colcon.colcon_core.package_identification:_identify(Phase_2/ros2_ws/src/weather_py) by extension 'ignore_ament_install'
[2.101s] Level 1:colcon.colcon_core.package_identification:_identify(Phase_2/ros2_ws/src/weather_py) by extensions ['colcon_pkg']
[2.102s] Level 1:colcon.colcon_core.package_identification:_identify(Phase_2/ros2_ws/src/weather_py) by extension 'colcon_pkg'
[2.102s] Level 1:colcon.colcon_core.package_identification:_identify(Phase_2/ros2_ws/src/weather_py) by extensions ['colcon_meta']
[2.102s] Level 1:colcon.colcon_core.package_identification:_identify(Phase_2/ros2_ws/src/weather_py) by extension 'colcon_meta'
[2.103s] Level 1:colcon.colcon_core.package_identification:_identify(Phase_2/ros2_ws/src/weather_py) by extensions ['ros']
[2.103s] Level 1:colcon.colcon_core.package_identification:_identify(Phase_2/ros2_ws/src/weather_py) by extension 'ros'
[2.170s] DEBUG:colcon.colcon_core.package_identification:Package 'Phase_2/ros2_ws/src/weather_py' with type 'ros.ament_python' and name 'weather_py'
[2.170s] Level 1:colcon.colcon_core.package_identification:_identify(Phase_2/task5) by extensions ['ignore', 'ignore_ament_install']
[2.171s] Level 1:colcon.colcon_core.package_identification:_identify(Phase_2/task5) by extension 'ignore'
[2.171s] Level 1:colcon.colcon_core.package_identification:_identify(Phase_2/task5) by extension 'ignore_ament_install'
[2.171s] Level 1:colcon.colcon_core.package_identification:_identify(Phase_2/task5) by extensions ['colcon_pkg']
[2.172s] Level 1:colcon.colcon_core.package_identification:_identify(Phase_2/task5) by extension 'colcon_pkg'
[2.172s] Level 1:colcon.colcon_core.package_identification:_identify(Phase_2/task5) by extensions ['colcon_meta']
[2.172s] Level 1:colcon.colcon_core.package_identification:_identify(Phase_2/task5) by extension 'colcon_meta'
[2.172s] Level 1:colcon.colcon_core.package_identification:_identify(Phase_2/task5) by extensions ['ros']
[2.173s] Level 1:colcon.colcon_core.package_identification:_identify(Phase_2/task5) by extension 'ros'
[2.173s] Level 1:colcon.colcon_core.package_identification:_identify(Phase_2/task5) by extensions ['cmake', 'python']
[2.173s] Level 1:colcon.colcon_core.package_identification:_identify(Phase_2/task5) by extension 'cmake'
[2.174s] Level 1:colcon.colcon_core.package_identification:_identify(Phase_2/task5) by extension 'python'
[2.174s] Level 1:colcon.colcon_core.package_identification:_identify(Phase_2/task5) by extensions ['python_setup_py']
[2.175s] Level 1:colcon.colcon_core.package_identification:_identify(Phase_2/task5) by extension 'python_setup_py'
[2.175s] Level 1:colcon.colcon_core.package_identification:_identify(Phase_2/task5/build) by extensions ['ignore', 'ignore_ament_install']
[2.176s] Level 1:colcon.colcon_core.package_identification:_identify(Phase_2/task5/build) by extension 'ignore'
[2.176s] Level 1:colcon.colcon_core.package_identification:_identify(Phase_2/task5/build) ignored
[2.177s] Level 1:colcon.colcon_core.package_identification:_identify(Phase_2/task5/install) by extensions ['ignore', 'ignore_ament_install']
[2.177s] Level 1:colcon.colcon_core.package_identification:_identify(Phase_2/task5/install) by extension 'ignore'
[2.178s] Level 1:colcon.colcon_core.package_identification:_identify(Phase_2/task5/install) ignored
[2.178s] Level 1:colcon.colcon_core.package_identification:_identify(Phase_2/task5/log) by extensions ['ignore', 'ignore_ament_install']
[2.178s] Level 1:colcon.colcon_core.package_identification:_identify(Phase_2/task5/log) by extension 'ignore'
[2.179s] Level 1:colcon.colcon_core.package_identification:_identify(Phase_2/task5/log) ignored
[2.181s] Level 1:colcon.colcon_core.package_identification:_identify(Phase_2/task5/src) by extensions ['ignore', 'ignore_ament_install']
[2.183s] Level 1:colcon.colcon_core.package_identification:_identify(Phase_2/task5/src) by extension 'ignore'
[2.185s] Level 1:colcon.colcon_core.package_identification:_identify(Phase_2/task5/src) by extension 'ignore_ament_install'
[2.188s] Level 1:colcon.colcon_core.package_identification:_identify(Phase_2/task5/src) by extensions ['colcon_pkg']
[2.188s] Level 1:colcon.colcon_core.package_identification:_identify(Phase_2/task5/src) by extension 'colcon_pkg'
[2.188s] Level 1:colcon.colcon_core.package_identification:_identify(Phase_2/task5/src) by extensions ['colcon_meta']
[2.189s] Level 1:colcon.colcon_core.package_identification:_identify(Phase_2/task5/src) by extension 'colcon_meta'
[2.189s] Level 1:colcon.colcon_core.package_identification:_identify(Phase_2/task5/src) by extensions ['ros']
[2.189s] Level 1:colcon.colcon_core.package_identification:_identify(Phase_2/task5/src) by extension 'ros'
[2.190s] Level 1:colcon.colcon_core.package_identification:_identify(Phase_2/task5/src) by extensions ['cmake', 'python']
[2.190s] Level 1:colcon.colcon_core.package_identification:_identify(Phase_2/task5/src) by extension 'cmake'
[2.190s] Level 1:colcon.colcon_core.package_identification:_identify(Phase_2/task5/src) by extension 'python'
[2.190s] Level 1:colcon.colcon_core.package_identification:_identify(Phase_2/task5/src) by extensions ['python_setup_py']
[2.190s] Level 1:colcon.colcon_core.package_identification:_identify(Phase_2/task5/src) by extension 'python_setup_py'
[2.191s] Level 1:colcon.colcon_core.package_identification:_identify(Phase_2/task5/src/turtle_pkg) by extensions ['ignore', 'ignore_ament_install']
[2.191s] Level 1:colcon.colcon_core.package_identification:_identify(Phase_2/task5/src/turtle_pkg) by extension 'ignore'
[2.192s] Level 1:colcon.colcon_core.package_identification:_identify(Phase_2/task5/src/turtle_pkg) by extension 'ignore_ament_install'
[2.192s] Level 1:colcon.colcon_core.package_identification:_identify(Phase_2/task5/src/turtle_pkg) by extensions ['colcon_pkg']
[2.192s] Level 1:colcon.colcon_core.package_identification:_identify(Phase_2/task5/src/turtle_pkg) by extension 'colcon_pkg'
[2.193s] Level 1:colcon.colcon_core.package_identification:_identify(Phase_2/task5/src/turtle_pkg) by extensions ['colcon_meta']
[2.193s] Level 1:colcon.colcon_core.package_identification:_identify(Phase_2/task5/src/turtle_pkg) by extension 'colcon_meta'
[2.193s] Level 1:colcon.colcon_core.package_identification:_identify(Phase_2/task5/src/turtle_pkg) by extensions ['ros']
[2.193s] Level 1:colcon.colcon_core.package_identification:_identify(Phase_2/task5/src/turtle_pkg) by extension 'ros'
[2.195s] DEBUG:colcon.colcon_core.package_identification:Package 'Phase_2/task5/src/turtle_pkg' with type 'ros.ament_python' and name 'turtle_pkg'
[2.197s] Level 1:colcon.colcon_core.package_identification:_identify(build) by extensions ['ignore', 'ignore_ament_install']
[2.198s] Level 1:colcon.colcon_core.package_identification:_identify(build) by extension 'ignore'
[2.198s] Level 1:colcon.colcon_core.package_identification:_identify(build) ignored
[2.198s] Level 1:colcon.colcon_core.package_identification:_identify(install) by extensions ['ignore', 'ignore_ament_install']
[2.199s] Level 1:colcon.colcon_core.package_identification:_identify(install) by extension 'ignore'
[2.199s] Level 1:colcon.colcon_core.package_identification:_identify(install) ignored
[2.202s] Level 1:colcon.colcon_core.package_identification:_identify(log) by extensions ['ignore', 'ignore_ament_install']
[2.203s] Level 1:colcon.colcon_core.package_identification:_identify(log) by extension 'ignore'
[2.203s] Level 1:colcon.colcon_core.package_identification:_identify(log) ignored
[2.204s] Level 1:colcon.colcon_core.package_discovery:discover_packages(recursive) using defaults
[2.204s] Level 1:colcon.colcon_core.package_discovery:discover_packages(ignore) discover
[2.204s] Level 1:colcon.colcon_core.package_discovery:discover_packages(ignore) using defaults
[2.204s] Level 1:colcon.colcon_core.package_discovery:discover_packages(path) discover
[2.204s] Level 1:colcon.colcon_core.package_discovery:discover_packages(path) using defaults
[2.461s] ERROR:colcon:colcon build: Duplicate package names not supported:
- turtle_pkg:
  - Phase_2/ros2_ws/src/turtle_pkg
  - Phase_2/task5/src/turtle_pkg
