/usr/lib/python3/dist-packages/setuptools/dist.py:744: SetuptoolsDeprecationWarning: Invalid dash-separated options
!!

        ********************************************************************************
        Usage of dash-separated 'script-dir' will not be supported in future
        versions. Please use the underscore name 'script_dir' instead.

        This deprecation is overdue, please update your project and remove deprecated
        calls to avoid build errors in the future.

        See https://setuptools.pypa.io/en/latest/userguide/declarative_config.html for details.
        ********************************************************************************

!!
  opt = self.warn_dash_deprecation(opt, section)
running egg_info
creating ../../build/turtle_pkg/turtle_pkg.egg-info
writing ../../build/turtle_pkg/turtle_pkg.egg-info/PKG-INFO
writing dependency_links to ../../build/turtle_pkg/turtle_pkg.egg-info/dependency_links.txt
writing entry points to ../../build/turtle_pkg/turtle_pkg.egg-info/entry_points.txt
writing requirements to ../../build/turtle_pkg/turtle_pkg.egg-info/requires.txt
writing top-level names to ../../build/turtle_pkg/turtle_pkg.egg-info/top_level.txt
writing manifest file '../../build/turtle_pkg/turtle_pkg.egg-info/SOURCES.txt'
reading manifest file '../../build/turtle_pkg/turtle_pkg.egg-info/SOURCES.txt'
writing manifest file '../../build/turtle_pkg/turtle_pkg.egg-info/SOURCES.txt'
running build
running build_py
creating /home/yassin_ezzat/AUR-Training-25/Phase_2/task5/build/turtle_pkg/build
creating /home/yassin_ezzat/AUR-Training-25/Phase_2/task5/build/turtle_pkg/build/lib
creating /home/yassin_ezzat/AUR-Training-25/Phase_2/task5/build/turtle_pkg/build/lib/turtle_pkg
copying turtle_pkg/turtle_chase.py -> /home/yassin_ezzat/AUR-Training-25/Phase_2/task5/build/turtle_pkg/build/lib/turtle_pkg
copying turtle_pkg/__init__.py -> /home/yassin_ezzat/AUR-Training-25/Phase_2/task5/build/turtle_pkg/build/lib/turtle_pkg
running install
running install_lib
creating /home/yassin_ezzat/AUR-Training-25/Phase_2/task5/install/turtle_pkg/lib/python3.12/site-packages/turtle_pkg
copying /home/yassin_ezzat/AUR-Training-25/Phase_2/task5/build/turtle_pkg/build/lib/turtle_pkg/turtle_chase.py -> /home/yassin_ezzat/AUR-Training-25/Phase_2/task5/install/turtle_pkg/lib/python3.12/site-packages/turtle_pkg
copying /home/yassin_ezzat/AUR-Training-25/Phase_2/task5/build/turtle_pkg/build/lib/turtle_pkg/__init__.py -> /home/yassin_ezzat/AUR-Training-25/Phase_2/task5/install/turtle_pkg/lib/python3.12/site-packages/turtle_pkg
byte-compiling /home/yassin_ezzat/AUR-Training-25/Phase_2/task5/install/turtle_pkg/lib/python3.12/site-packages/turtle_pkg/turtle_chase.py to turtle_chase.cpython-312.pyc
byte-compiling /home/yassin_ezzat/AUR-Training-25/Phase_2/task5/install/turtle_pkg/lib/python3.12/site-packages/turtle_pkg/__init__.py to __init__.cpython-312.pyc
running install_data
Sorry: IndentationError: unexpected indent (turtle_chase.py, line 2)
creating /home/yassin_ezzat/AUR-Training-25/Phase_2/task5/install/turtle_pkg/share/ament_index
creating /home/yassin_ezzat/AUR-Training-25/Phase_2/task5/install/turtle_pkg/share/ament_index/resource_index
creating /home/yassin_ezzat/AUR-Training-25/Phase_2/task5/install/turtle_pkg/share/ament_index/resource_index/packages
copying resource/turtle_pkg -> /home/yassin_ezzat/AUR-Training-25/Phase_2/task5/install/turtle_pkg/share/ament_index/resource_index/packages
copying package.xml -> /home/yassin_ezzat/AUR-Training-25/Phase_2/task5/install/turtle_pkg/share/turtle_pkg
running install_egg_info
Copying ../../build/turtle_pkg/turtle_pkg.egg-info to /home/yassin_ezzat/AUR-Training-25/Phase_2/task5/install/turtle_pkg/lib/python3.12/site-packages/turtle_pkg-0.0.0-py3.12.egg-info
running install_scripts
Installing turtle_chase script to /home/yassin_ezzat/AUR-Training-25/Phase_2/task5/install/turtle_pkg/lib/turtle_pkg
writing list of installed files to '/home/yassin_ezzat/AUR-Training-25/Phase_2/task5/build/turtle_pkg/install.log'
