[4.161s] Invoking command in '/home/yassin_ezzat/AUR-Training-25/Phase_2/task5/src/turtle_pkg': PYTHONPATH=/home/yassin_ezzat/AUR-Training-25/Phase_2/task5/build/turtle_pkg/prefix_override:/usr/lib/python3/dist-packages/colcon_core/task/python/colcon_distutils_commands:/home/yassin_ezzat/AUR-Training-25/Phase_2/task5/install/turtle_pkg/lib/python3.12/site-packages:${PYTHONPATH} /usr/bin/python3 -W ignore:setup.py install is deprecated -W ignore:easy_install command is deprecated setup.py egg_info --egg-base ../../build/turtle_pkg build --build-base /home/yassin_ezzat/AUR-Training-25/Phase_2/task5/build/turtle_pkg/build install --record /home/yassin_ezzat/AUR-Training-25/Phase_2/task5/build/turtle_pkg/install.log --install-scripts $base/lib/turtle_pkg --single-version-externally-managed install_data
[4.541s] /usr/lib/python3/dist-packages/setuptools/dist.py:744: SetuptoolsDeprecationWarning: Invalid dash-separated options
[4.541s] !!
[4.541s] 
[4.541s]         ********************************************************************************
[4.542s]         Usage of dash-separated 'script-dir' will not be supported in future
[4.542s]         versions. Please use the underscore name 'script_dir' instead.
[4.545s] 
[4.546s]         This deprecation is overdue, please update your project and remove deprecated
[4.546s]         calls to avoid build errors in the future.
[4.547s] 
[4.547s]         See https://setuptools.pypa.io/en/latest/userguide/declarative_config.html for details.
[4.547s]         ********************************************************************************
[4.547s] 
[4.548s] !!
[4.548s]   opt = self.warn_dash_deprecation(opt, section)
[4.991s] running egg_info
[4.994s] creating ../../build/turtle_pkg/turtle_pkg.egg-info
[5.055s] writing ../../build/turtle_pkg/turtle_pkg.egg-info/PKG-INFO
[5.057s] writing dependency_links to ../../build/turtle_pkg/turtle_pkg.egg-info/dependency_links.txt
[5.058s] writing entry points to ../../build/turtle_pkg/turtle_pkg.egg-info/entry_points.txt
[5.058s] writing requirements to ../../build/turtle_pkg/turtle_pkg.egg-info/requires.txt
[5.060s] writing top-level names to ../../build/turtle_pkg/turtle_pkg.egg-info/top_level.txt
[5.060s] writing manifest file '../../build/turtle_pkg/turtle_pkg.egg-info/SOURCES.txt'
[5.188s] reading manifest file '../../build/turtle_pkg/turtle_pkg.egg-info/SOURCES.txt'
[5.190s] writing manifest file '../../build/turtle_pkg/turtle_pkg.egg-info/SOURCES.txt'
[5.210s] running build
[5.210s] running build_py
[5.211s] creating /home/yassin_ezzat/AUR-Training-25/Phase_2/task5/build/turtle_pkg/build
[5.213s] creating /home/yassin_ezzat/AUR-Training-25/Phase_2/task5/build/turtle_pkg/build/lib
[5.213s] creating /home/yassin_ezzat/AUR-Training-25/Phase_2/task5/build/turtle_pkg/build/lib/turtle_pkg
[5.216s] copying turtle_pkg/turtle_chase.py -> /home/yassin_ezzat/AUR-Training-25/Phase_2/task5/build/turtle_pkg/build/lib/turtle_pkg
[5.217s] copying turtle_pkg/__init__.py -> /home/yassin_ezzat/AUR-Training-25/Phase_2/task5/build/turtle_pkg/build/lib/turtle_pkg
[5.217s] running install
[5.232s] running install_lib
[5.286s] creating /home/yassin_ezzat/AUR-Training-25/Phase_2/task5/install/turtle_pkg/lib/python3.12/site-packages/turtle_pkg
[5.288s] copying /home/yassin_ezzat/AUR-Training-25/Phase_2/task5/build/turtle_pkg/build/lib/turtle_pkg/turtle_chase.py -> /home/yassin_ezzat/AUR-Training-25/Phase_2/task5/install/turtle_pkg/lib/python3.12/site-packages/turtle_pkg
[5.289s] copying /home/yassin_ezzat/AUR-Training-25/Phase_2/task5/build/turtle_pkg/build/lib/turtle_pkg/__init__.py -> /home/yassin_ezzat/AUR-Training-25/Phase_2/task5/install/turtle_pkg/lib/python3.12/site-packages/turtle_pkg
[5.290s] byte-compiling /home/yassin_ezzat/AUR-Training-25/Phase_2/task5/install/turtle_pkg/lib/python3.12/site-packages/turtle_pkg/turtle_chase.py to turtle_chase.cpython-312.pyc
[5.296s] byte-compiling /home/yassin_ezzat/AUR-Training-25/Phase_2/task5/install/turtle_pkg/lib/python3.12/site-packages/turtle_pkg/__init__.py to __init__.cpython-312.pyc
[5.298s] running install_data
[5.298s] Sorry: IndentationError: unexpected indent (turtle_chase.py, line 2)
[5.299s] creating /home/yassin_ezzat/AUR-Training-25/Phase_2/task5/install/turtle_pkg/share/ament_index
[5.300s] creating /home/yassin_ezzat/AUR-Training-25/Phase_2/task5/install/turtle_pkg/share/ament_index/resource_index
[5.301s] creating /home/yassin_ezzat/AUR-Training-25/Phase_2/task5/install/turtle_pkg/share/ament_index/resource_index/packages
[5.302s] copying resource/turtle_pkg -> /home/yassin_ezzat/AUR-Training-25/Phase_2/task5/install/turtle_pkg/share/ament_index/resource_index/packages
[5.304s] copying package.xml -> /home/yassin_ezzat/AUR-Training-25/Phase_2/task5/install/turtle_pkg/share/turtle_pkg
[5.304s] running install_egg_info
[5.356s] Copying ../../build/turtle_pkg/turtle_pkg.egg-info to /home/yassin_ezzat/AUR-Training-25/Phase_2/task5/install/turtle_pkg/lib/python3.12/site-packages/turtle_pkg-0.0.0-py3.12.egg-info
[5.364s] running install_scripts
[5.757s] Installing turtle_chase script to /home/yassin_ezzat/AUR-Training-25/Phase_2/task5/install/turtle_pkg/lib/turtle_pkg
[5.760s] writing list of installed files to '/home/yassin_ezzat/AUR-Training-25/Phase_2/task5/build/turtle_pkg/install.log'
[5.861s] Invoked command in '/home/yassin_ezzat/AUR-Training-25/Phase_2/task5/src/turtle_pkg' returned '0': PYTHONPATH=/home/yassin_ezzat/AUR-Training-25/Phase_2/task5/build/turtle_pkg/prefix_override:/usr/lib/python3/dist-packages/colcon_core/task/python/colcon_distutils_commands:/home/yassin_ezzat/AUR-Training-25/Phase_2/task5/install/turtle_pkg/lib/python3.12/site-packages:${PYTHONPATH} /usr/bin/python3 -W ignore:setup.py install is deprecated -W ignore:easy_install command is deprecated setup.py egg_info --egg-base ../../build/turtle_pkg build --build-base /home/yassin_ezzat/AUR-Training-25/Phase_2/task5/build/turtle_pkg/build install --record /home/yassin_ezzat/AUR-Training-25/Phase_2/task5/build/turtle_pkg/install.log --install-scripts $base/lib/turtle_pkg --single-version-externally-managed install_data
