[3.913s] Invoking command in '/home/yassin_ezzat/AUR-Training-25/Phase_2/task5/src/turtle_pkg': PYTHONPATH=/home/yassin_ezzat/AUR-Training-25/Phase_2/task5/build/turtle_pkg/prefix_override:/usr/lib/python3/dist-packages/colcon_core/task/python/colcon_distutils_commands:/home/yassin_ezzat/AUR-Training-25/Phase_2/task5/install/turtle_pkg/lib/python3.12/site-packages:${PYTHONPATH} /usr/bin/python3 -W ignore:setup.py install is deprecated -W ignore:easy_install command is deprecated setup.py egg_info --egg-base ../../build/turtle_pkg build --build-base /home/yassin_ezzat/AUR-Training-25/Phase_2/task5/build/turtle_pkg/build install --record /home/yassin_ezzat/AUR-Training-25/Phase_2/task5/build/turtle_pkg/install.log --install-scripts $base/lib/turtle_pkg --single-version-externally-managed install_data
[4.317s] /usr/lib/python3/dist-packages/setuptools/dist.py:744: SetuptoolsDeprecationWarning: Invalid dash-separated options
[4.317s] !!
[4.317s] 
[4.318s]         ********************************************************************************
[4.318s]         Usage of dash-separated 'script-dir' will not be supported in future
[4.318s]         versions. Please use the underscore name 'script_dir' instead.
[4.318s] 
[4.319s]         This deprecation is overdue, please update your project and remove deprecated
[4.319s]         calls to avoid build errors in the future.
[4.319s] 
[4.319s]         See https://setuptools.pypa.io/en/latest/userguide/declarative_config.html for details.
[4.320s]         ********************************************************************************
[4.328s] 
[4.329s] !!
[4.329s]   opt = self.warn_dash_deprecation(opt, section)
[4.821s] running egg_info
[4.876s] writing ../../build/turtle_pkg/turtle_pkg.egg-info/PKG-INFO
[4.881s] writing dependency_links to ../../build/turtle_pkg/turtle_pkg.egg-info/dependency_links.txt
[4.882s] writing entry points to ../../build/turtle_pkg/turtle_pkg.egg-info/entry_points.txt
[4.887s] writing requirements to ../../build/turtle_pkg/turtle_pkg.egg-info/requires.txt
[4.888s] writing top-level names to ../../build/turtle_pkg/turtle_pkg.egg-info/top_level.txt
[5.024s] reading manifest file '../../build/turtle_pkg/turtle_pkg.egg-info/SOURCES.txt'
[5.029s] writing manifest file '../../build/turtle_pkg/turtle_pkg.egg-info/SOURCES.txt'
[5.030s] running build
[5.031s] running build_py
[5.031s] copying turtle_pkg/turtle_chase.py -> /home/yassin_ezzat/AUR-Training-25/Phase_2/task5/build/turtle_pkg/build/lib/turtle_pkg
[5.036s] running install
[5.059s] running install_lib
[5.116s] copying /home/yassin_ezzat/AUR-Training-25/Phase_2/task5/build/turtle_pkg/build/lib/turtle_pkg/turtle_chase.py -> /home/yassin_ezzat/AUR-Training-25/Phase_2/task5/install/turtle_pkg/lib/python3.12/site-packages/turtle_pkg
[5.120s] byte-compiling /home/yassin_ezzat/AUR-Training-25/Phase_2/task5/install/turtle_pkg/lib/python3.12/site-packages/turtle_pkg/turtle_chase.py to turtle_chase.cpython-312.pyc
[5.129s] running install_data
[5.129s] running install_egg_info
[5.187s] removing '/home/yassin_ezzat/AUR-Training-25/Phase_2/task5/install/turtle_pkg/lib/python3.12/site-packages/turtle_pkg-0.0.0-py3.12.egg-info' (and everything under it)
[5.209s] Copying ../../build/turtle_pkg/turtle_pkg.egg-info to /home/yassin_ezzat/AUR-Training-25/Phase_2/task5/install/turtle_pkg/lib/python3.12/site-packages/turtle_pkg-0.0.0-py3.12.egg-info
[5.218s] running install_scripts
[5.612s] Installing turtle_chase script to /home/yassin_ezzat/AUR-Training-25/Phase_2/task5/install/turtle_pkg/lib/turtle_pkg
[5.615s] writing list of installed files to '/home/yassin_ezzat/AUR-Training-25/Phase_2/task5/build/turtle_pkg/install.log'
[5.723s] Invoked command in '/home/yassin_ezzat/AUR-Training-25/Phase_2/task5/src/turtle_pkg' returned '0': PYTHONPATH=/home/yassin_ezzat/AUR-Training-25/Phase_2/task5/build/turtle_pkg/prefix_override:/usr/lib/python3/dist-packages/colcon_core/task/python/colcon_distutils_commands:/home/yassin_ezzat/AUR-Training-25/Phase_2/task5/install/turtle_pkg/lib/python3.12/site-packages:${PYTHONPATH} /usr/bin/python3 -W ignore:setup.py install is deprecated -W ignore:easy_install command is deprecated setup.py egg_info --egg-base ../../build/turtle_pkg build --build-base /home/yassin_ezzat/AUR-Training-25/Phase_2/task5/build/turtle_pkg/build install --record /home/yassin_ezzat/AUR-Training-25/Phase_2/task5/build/turtle_pkg/install.log --install-scripts $base/lib/turtle_pkg --single-version-externally-managed install_data
