[2.813s] Invoking command in '/home/yassin_ezzat/AUR-Training-25/Phase_2/task5/src/turtle_pkg': PYTHONPATH=/home/yassin_ezzat/AUR-Training-25/Phase_2/task5/build/turtle_pkg/prefix_override:/usr/lib/python3/dist-packages/colcon_core/task/python/colcon_distutils_commands:/home/yassin_ezzat/AUR-Training-25/Phase_2/task5/install/turtle_pkg/lib/python3.12/site-packages:${PYTHONPATH} /usr/bin/python3 -W ignore:setup.py install is deprecated -W ignore:easy_install command is deprecated setup.py egg_info --egg-base ../../build/turtle_pkg build --build-base /home/yassin_ezzat/AUR-Training-25/Phase_2/task5/build/turtle_pkg/build install --record /home/yassin_ezzat/AUR-Training-25/Phase_2/task5/build/turtle_pkg/install.log --install-scripts $base/lib/turtle_pkg --single-version-externally-managed install_data
[3.204s] /usr/lib/python3/dist-packages/setuptools/dist.py:744: SetuptoolsDeprecationWarning: Invalid dash-separated options
[3.205s] !!
[3.205s] 
[3.207s]         ********************************************************************************
[3.208s]         Usage of dash-separated 'script-dir' will not be supported in future
[3.208s]         versions. Please use the underscore name 'script_dir' instead.
[3.208s] 
[3.209s]         This deprecation is overdue, please update your project and remove deprecated
[3.209s]         calls to avoid build errors in the future.
[3.213s] 
[3.213s]         See https://setuptools.pypa.io/en/latest/userguide/declarative_config.html for details.
[3.213s]         ********************************************************************************
[3.214s] 
[3.214s] !!
[3.214s]   opt = self.warn_dash_deprecation(opt, section)
[3.634s] running egg_info
[3.696s] writing ../../build/turtle_pkg/turtle_pkg.egg-info/PKG-INFO
[3.699s] writing dependency_links to ../../build/turtle_pkg/turtle_pkg.egg-info/dependency_links.txt
[3.700s] writing entry points to ../../build/turtle_pkg/turtle_pkg.egg-info/entry_points.txt
[3.702s] writing requirements to ../../build/turtle_pkg/turtle_pkg.egg-info/requires.txt
[3.702s] writing top-level names to ../../build/turtle_pkg/turtle_pkg.egg-info/top_level.txt
[3.820s] reading manifest file '../../build/turtle_pkg/turtle_pkg.egg-info/SOURCES.txt'
[3.823s] writing manifest file '../../build/turtle_pkg/turtle_pkg.egg-info/SOURCES.txt'
[3.824s] running build
[3.825s] running build_py
[3.825s] running install
[3.842s] running install_lib
[3.917s] running install_data
[3.917s] copying launch/turtle_chase_launch.py -> /home/yassin_ezzat/AUR-Training-25/Phase_2/task5/install/turtle_pkg/share/turtle_pkg/launch
[3.919s] running install_egg_info
[3.993s] removing '/home/yassin_ezzat/AUR-Training-25/Phase_2/task5/install/turtle_pkg/lib/python3.12/site-packages/turtle_pkg-0.0.0-py3.12.egg-info' (and everything under it)
[3.996s] Copying ../../build/turtle_pkg/turtle_pkg.egg-info to /home/yassin_ezzat/AUR-Training-25/Phase_2/task5/install/turtle_pkg/lib/python3.12/site-packages/turtle_pkg-0.0.0-py3.12.egg-info
[4.001s] running install_scripts
[4.397s] Installing turtle_chase script to /home/yassin_ezzat/AUR-Training-25/Phase_2/task5/install/turtle_pkg/lib/turtle_pkg
[4.399s] writing list of installed files to '/home/yassin_ezzat/AUR-Training-25/Phase_2/task5/build/turtle_pkg/install.log'
[4.500s] Invoked command in '/home/yassin_ezzat/AUR-Training-25/Phase_2/task5/src/turtle_pkg' returned '0': PYTHONPATH=/home/yassin_ezzat/AUR-Training-25/Phase_2/task5/build/turtle_pkg/prefix_override:/usr/lib/python3/dist-packages/colcon_core/task/python/colcon_distutils_commands:/home/yassin_ezzat/AUR-Training-25/Phase_2/task5/install/turtle_pkg/lib/python3.12/site-packages:${PYTHONPATH} /usr/bin/python3 -W ignore:setup.py install is deprecated -W ignore:easy_install command is deprecated setup.py egg_info --egg-base ../../build/turtle_pkg build --build-base /home/yassin_ezzat/AUR-Training-25/Phase_2/task5/build/turtle_pkg/build install --record /home/yassin_ezzat/AUR-Training-25/Phase_2/task5/build/turtle_pkg/install.log --install-scripts $base/lib/turtle_pkg --single-version-externally-managed install_data
