[3.430s] Invoking command in '/home/yassin_ezzat/AUR-Training-25/Phase_2/task5/src/turtle_pkg': PYTHONPATH=/home/yassin_ezzat/AUR-Training-25/Phase_2/task5/build/turtle_pkg/prefix_override:/usr/lib/python3/dist-packages/colcon_core/task/python/colcon_distutils_commands:/home/yassin_ezzat/AUR-Training-25/Phase_2/task5/install/turtle_pkg/lib/python3.12/site-packages:${PYTHONPATH} /usr/bin/python3 -W ignore:setup.py install is deprecated -W ignore:easy_install command is deprecated setup.py egg_info --egg-base ../../build/turtle_pkg build --build-base /home/yassin_ezzat/AUR-Training-25/Phase_2/task5/build/turtle_pkg/build install --record /home/yassin_ezzat/AUR-Training-25/Phase_2/task5/build/turtle_pkg/install.log --install-scripts $base/lib/turtle_pkg --single-version-externally-managed install_data
[3.867s] /usr/lib/python3/dist-packages/setuptools/dist.py:744: SetuptoolsDeprecationWarning: Invalid dash-separated options
[3.867s] !!
[3.868s] 
[3.868s]         ********************************************************************************
[3.868s]         Usage of dash-separated 'script-dir' will not be supported in future
[3.868s]         versions. Please use the underscore name 'script_dir' instead.
[3.869s] 
[3.869s]         This deprecation is overdue, please update your project and remove deprecated
[3.869s]         calls to avoid build errors in the future.
[3.870s] 
[3.870s]         See https://setuptools.pypa.io/en/latest/userguide/declarative_config.html for details.
[3.879s]         ********************************************************************************
[3.879s] 
[3.880s] !!
[3.880s]   opt = self.warn_dash_deprecation(opt, section)
[4.505s] running egg_info
[4.599s] writing ../../build/turtle_pkg/turtle_pkg.egg-info/PKG-INFO
[4.602s] writing dependency_links to ../../build/turtle_pkg/turtle_pkg.egg-info/dependency_links.txt
[4.609s] writing entry points to ../../build/turtle_pkg/turtle_pkg.egg-info/entry_points.txt
[4.609s] writing requirements to ../../build/turtle_pkg/turtle_pkg.egg-info/requires.txt
[4.610s] writing top-level names to ../../build/turtle_pkg/turtle_pkg.egg-info/top_level.txt
[4.802s] reading manifest file '../../build/turtle_pkg/turtle_pkg.egg-info/SOURCES.txt'
[4.807s] writing manifest file '../../build/turtle_pkg/turtle_pkg.egg-info/SOURCES.txt'
[4.807s] running build
[4.808s] running build_py
[4.808s] copying turtle_pkg/turtle_chase.py -> /home/yassin_ezzat/AUR-Training-25/Phase_2/task5/build/turtle_pkg/build/lib/turtle_pkg
[4.813s] running install
[4.832s] running install_lib
[4.930s] copying /home/yassin_ezzat/AUR-Training-25/Phase_2/task5/build/turtle_pkg/build/lib/turtle_pkg/turtle_chase.py -> /home/yassin_ezzat/AUR-Training-25/Phase_2/task5/install/turtle_pkg/lib/python3.12/site-packages/turtle_pkg
[4.933s] byte-compiling /home/yassin_ezzat/AUR-Training-25/Phase_2/task5/install/turtle_pkg/lib/python3.12/site-packages/turtle_pkg/turtle_chase.py to turtle_chase.cpython-312.pyc
[4.945s] running install_data
[4.945s] running install_egg_info
[5.037s] removing '/home/yassin_ezzat/AUR-Training-25/Phase_2/task5/install/turtle_pkg/lib/python3.12/site-packages/turtle_pkg-0.0.0-py3.12.egg-info' (and everything under it)
[5.040s] Copying ../../build/turtle_pkg/turtle_pkg.egg-info to /home/yassin_ezzat/AUR-Training-25/Phase_2/task5/install/turtle_pkg/lib/python3.12/site-packages/turtle_pkg-0.0.0-py3.12.egg-info
[5.048s] running install_scripts
[5.449s] Installing turtle_chase script to /home/yassin_ezzat/AUR-Training-25/Phase_2/task5/install/turtle_pkg/lib/turtle_pkg
[5.451s] writing list of installed files to '/home/yassin_ezzat/AUR-Training-25/Phase_2/task5/build/turtle_pkg/install.log'
[5.554s] Invoked command in '/home/yassin_ezzat/AUR-Training-25/Phase_2/task5/src/turtle_pkg' returned '0': PYTHONPATH=/home/yassin_ezzat/AUR-Training-25/Phase_2/task5/build/turtle_pkg/prefix_override:/usr/lib/python3/dist-packages/colcon_core/task/python/colcon_distutils_commands:/home/yassin_ezzat/AUR-Training-25/Phase_2/task5/install/turtle_pkg/lib/python3.12/site-packages:${PYTHONPATH} /usr/bin/python3 -W ignore:setup.py install is deprecated -W ignore:easy_install command is deprecated setup.py egg_info --egg-base ../../build/turtle_pkg build --build-base /home/yassin_ezzat/AUR-Training-25/Phase_2/task5/build/turtle_pkg/build install --record /home/yassin_ezzat/AUR-Training-25/Phase_2/task5/build/turtle_pkg/install.log --install-scripts $base/lib/turtle_pkg --single-version-externally-managed install_data
