[0.533s] DEBUG:colcon:Command line arguments: ['/usr/bin/colcon', 'build']
[0.533s] DEBUG:colcon:Parsed command line arguments: Namespace(log_base=None, log_level=None, verb_name='build', build_base='build', install_base='install', merge_install=False, symlink_install=False, test_result_base=None, continue_on_error=False, executor='parallel', parallel_workers=2, event_handlers=None, ignore_user_meta=False, metas=['./colcon.meta'], base_paths=['.'], packages_ignore=None, packages_ignore_regex=None, paths=None, packages_up_to=None, packages_up_to_regex=None, packages_above=None, packages_above_and_dependencies=None, packages_above_depth=None, packages_select_by_dep=None, packages_skip_by_dep=None, packages_skip_up_to=None, packages_select_build_failed=False, packages_skip_build_finished=False, packages_select_test_failures=False, packages_skip_test_passed=False, packages_select=None, packages_skip=None, packages_select_regex=None, packages_skip_regex=None, packages_start=None, packages_end=None, cmake_args=None, cmake_target=None, cmake_target_skip_unavailable=False, cmake_clean_cache=False, cmake_clean_first=False, cmake_force_configure=False, ament_cmake_args=None, catkin_cmake_args=None, catkin_skip_building_tests=False, verb_parser=<colcon_defaults.argument_parser.defaults.DefaultArgumentsDecorator object at 0x7dd827a11730>, verb_extension=<colcon_core.verb.build.BuildVerb object at 0x7dd827b357c0>, main=<bound method BuildVerb.main of <colcon_core.verb.build.BuildVerb object at 0x7dd827b357c0>>)
[0.737s] Level 1:colcon.colcon_core.package_discovery:discover_packages(colcon_meta) check parameters
[0.738s] Level 1:colcon.colcon_core.package_discovery:discover_packages(recursive) check parameters
[0.738s] Level 1:colcon.colcon_core.package_discovery:discover_packages(ignore) check parameters
[0.739s] Level 1:colcon.colcon_core.package_discovery:discover_packages(path) check parameters
[0.739s] Level 1:colcon.colcon_core.package_discovery:discover_packages(colcon_meta) discover
[0.740s] Level 1:colcon.colcon_core.package_discovery:discover_packages(recursive) discover
[0.740s] INFO:colcon.colcon_core.package_discovery:Crawling recursively for packages in '/home/yassin_ezzat/AUR-Training-25/Phase_2/task5'
[0.740s] Level 1:colcon.colcon_core.package_identification:_identify(.) by extensions ['ignore', 'ignore_ament_install']
[0.741s] Level 1:colcon.colcon_core.package_identification:_identify(.) by extension 'ignore'
[0.741s] Level 1:colcon.colcon_core.package_identification:_identify(.) by extension 'ignore_ament_install'
[0.741s] Level 1:colcon.colcon_core.package_identification:_identify(.) by extensions ['colcon_pkg']
[0.741s] Level 1:colcon.colcon_core.package_identification:_identify(.) by extension 'colcon_pkg'
[0.742s] Level 1:colcon.colcon_core.package_identification:_identify(.) by extensions ['colcon_meta']
[0.742s] Level 1:colcon.colcon_core.package_identification:_identify(.) by extension 'colcon_meta'
[0.742s] Level 1:colcon.colcon_core.package_identification:_identify(.) by extensions ['ros']
[0.742s] Level 1:colcon.colcon_core.package_identification:_identify(.) by extension 'ros'
[0.887s] Level 1:colcon.colcon_core.package_identification:_identify(.) by extensions ['cmake', 'python']
[0.888s] Level 1:colcon.colcon_core.package_identification:_identify(.) by extension 'cmake'
[0.888s] Level 1:colcon.colcon_core.package_identification:_identify(.) by extension 'python'
[0.889s] Level 1:colcon.colcon_core.package_identification:_identify(.) by extensions ['python_setup_py']
[0.889s] Level 1:colcon.colcon_core.package_identification:_identify(.) by extension 'python_setup_py'
[0.889s] Level 1:colcon.colcon_core.package_identification:_identify(build) by extensions ['ignore', 'ignore_ament_install']
[0.890s] Level 1:colcon.colcon_core.package_identification:_identify(build) by extension 'ignore'
[0.891s] Level 1:colcon.colcon_core.package_identification:_identify(build) ignored
[0.891s] Level 1:colcon.colcon_core.package_identification:_identify(install) by extensions ['ignore', 'ignore_ament_install']
[0.891s] Level 1:colcon.colcon_core.package_identification:_identify(install) by extension 'ignore'
[0.892s] Level 1:colcon.colcon_core.package_identification:_identify(install) ignored
[0.892s] Level 1:colcon.colcon_core.package_identification:_identify(log) by extensions ['ignore', 'ignore_ament_install']
[0.893s] Level 1:colcon.colcon_core.package_identification:_identify(log) by extension 'ignore'
[0.893s] Level 1:colcon.colcon_core.package_identification:_identify(log) ignored
[0.893s] Level 1:colcon.colcon_core.package_identification:_identify(src) by extensions ['ignore', 'ignore_ament_install']
[0.894s] Level 1:colcon.colcon_core.package_identification:_identify(src) by extension 'ignore'
[0.894s] Level 1:colcon.colcon_core.package_identification:_identify(src) by extension 'ignore_ament_install'
[0.895s] Level 1:colcon.colcon_core.package_identification:_identify(src) by extensions ['colcon_pkg']
[0.895s] Level 1:colcon.colcon_core.package_identification:_identify(src) by extension 'colcon_pkg'
[0.895s] Level 1:colcon.colcon_core.package_identification:_identify(src) by extensions ['colcon_meta']
[0.895s] Level 1:colcon.colcon_core.package_identification:_identify(src) by extension 'colcon_meta'
[0.895s] Level 1:colcon.colcon_core.package_identification:_identify(src) by extensions ['ros']
[0.895s] Level 1:colcon.colcon_core.package_identification:_identify(src) by extension 'ros'
[0.896s] Level 1:colcon.colcon_core.package_identification:_identify(src) by extensions ['cmake', 'python']
[0.896s] Level 1:colcon.colcon_core.package_identification:_identify(src) by extension 'cmake'
[0.896s] Level 1:colcon.colcon_core.package_identification:_identify(src) by extension 'python'
[0.896s] Level 1:colcon.colcon_core.package_identification:_identify(src) by extensions ['python_setup_py']
[0.896s] Level 1:colcon.colcon_core.package_identification:_identify(src) by extension 'python_setup_py'
[0.897s] Level 1:colcon.colcon_core.package_identification:_identify(src/turtle_pkg) by extensions ['ignore', 'ignore_ament_install']
[0.897s] Level 1:colcon.colcon_core.package_identification:_identify(src/turtle_pkg) by extension 'ignore'
[0.898s] Level 1:colcon.colcon_core.package_identification:_identify(src/turtle_pkg) by extension 'ignore_ament_install'
[0.898s] Level 1:colcon.colcon_core.package_identification:_identify(src/turtle_pkg) by extensions ['colcon_pkg']
[0.898s] Level 1:colcon.colcon_core.package_identification:_identify(src/turtle_pkg) by extension 'colcon_pkg'
[0.898s] Level 1:colcon.colcon_core.package_identification:_identify(src/turtle_pkg) by extensions ['colcon_meta']
[0.899s] Level 1:colcon.colcon_core.package_identification:_identify(src/turtle_pkg) by extension 'colcon_meta'
[0.899s] Level 1:colcon.colcon_core.package_identification:_identify(src/turtle_pkg) by extensions ['ros']
[0.899s] Level 1:colcon.colcon_core.package_identification:_identify(src/turtle_pkg) by extension 'ros'
[0.910s] DEBUG:colcon.colcon_core.package_identification:Package 'src/turtle_pkg' with type 'ros.ament_python' and name 'turtle_pkg'
[0.911s] Level 1:colcon.colcon_core.package_discovery:discover_packages(recursive) using defaults
[0.911s] Level 1:colcon.colcon_core.package_discovery:discover_packages(ignore) discover
[0.911s] Level 1:colcon.colcon_core.package_discovery:discover_packages(ignore) using defaults
[0.912s] Level 1:colcon.colcon_core.package_discovery:discover_packages(path) discover
[0.912s] Level 1:colcon.colcon_core.package_discovery:discover_packages(path) using defaults
[0.995s] Level 5:colcon.colcon_core.verb:set package 'turtle_pkg' build argument 'cmake_args' from command line to 'None'
[0.995s] Level 5:colcon.colcon_core.verb:set package 'turtle_pkg' build argument 'cmake_target' from command line to 'None'
[0.995s] Level 5:colcon.colcon_core.verb:set package 'turtle_pkg' build argument 'cmake_target_skip_unavailable' from command line to 'False'
[0.995s] Level 5:colcon.colcon_core.verb:set package 'turtle_pkg' build argument 'cmake_clean_cache' from command line to 'False'
[0.995s] Level 5:colcon.colcon_core.verb:set package 'turtle_pkg' build argument 'cmake_clean_first' from command line to 'False'
[0.996s] Level 5:colcon.colcon_core.verb:set package 'turtle_pkg' build argument 'cmake_force_configure' from command line to 'False'
[0.996s] Level 5:colcon.colcon_core.verb:set package 'turtle_pkg' build argument 'ament_cmake_args' from command line to 'None'
[0.996s] Level 5:colcon.colcon_core.verb:set package 'turtle_pkg' build argument 'catkin_cmake_args' from command line to 'None'
[0.996s] Level 5:colcon.colcon_core.verb:set package 'turtle_pkg' build argument 'catkin_skip_building_tests' from command line to 'False'
[0.996s] DEBUG:colcon.colcon_core.verb:Building package 'turtle_pkg' with the following arguments: {'ament_cmake_args': None, 'build_base': '/home/yassin_ezzat/AUR-Training-25/Phase_2/task5/build/turtle_pkg', 'catkin_cmake_args': None, 'catkin_skip_building_tests': False, 'cmake_args': None, 'cmake_clean_cache': False, 'cmake_clean_first': False, 'cmake_force_configure': False, 'cmake_target': None, 'cmake_target_skip_unavailable': False, 'install_base': '/home/yassin_ezzat/AUR-Training-25/Phase_2/task5/install/turtle_pkg', 'merge_install': False, 'path': '/home/yassin_ezzat/AUR-Training-25/Phase_2/task5/src/turtle_pkg', 'symlink_install': False, 'test_result_base': None}
[0.996s] INFO:colcon.colcon_core.executor:Executing jobs using 'parallel' executor
[1.001s] DEBUG:colcon.colcon_parallel_executor.executor.parallel:run_until_complete
[1.002s] INFO:colcon.colcon_ros.task.ament_python.build:Building ROS package in '/home/yassin_ezzat/AUR-Training-25/Phase_2/task5/src/turtle_pkg' with build type 'ament_python'
[1.003s] Level 1:colcon.colcon_core.shell:create_environment_hook('turtle_pkg', 'ament_prefix_path')
[1.015s] INFO:colcon.colcon_core.plugin_system:Skipping extension 'colcon_core.shell.bat': Not used on non-Windows systems
[1.016s] INFO:colcon.colcon_core.shell:Creating environment descriptor '/home/yassin_ezzat/AUR-Training-25/Phase_2/task5/install/turtle_pkg/share/turtle_pkg/hook/ament_prefix_path.dsv'
[1.017s] INFO:colcon.colcon_core.shell:Creating environment hook '/home/yassin_ezzat/AUR-Training-25/Phase_2/task5/install/turtle_pkg/share/turtle_pkg/hook/ament_prefix_path.sh'
[1.020s] DEBUG:colcon.colcon_core.shell:Skip shell extension 'dsv' for command environment
[2.457s] INFO:colcon.colcon_core.task.python.build:Building Python package in '/home/yassin_ezzat/AUR-Training-25/Phase_2/task5/src/turtle_pkg'
[2.457s] DEBUG:colcon.colcon_core.shell:Skip shell extension 'dsv' for command environment
[4.264s] DEBUG:colcon.colcon_core.event_handler.log_command:Invoking command in '/home/yassin_ezzat/AUR-Training-25/Phase_2/task5/src/turtle_pkg': PYTHONPATH=/home/yassin_ezzat/AUR-Training-25/Phase_2/task5/build/turtle_pkg/prefix_override:/usr/lib/python3/dist-packages/colcon_core/task/python/colcon_distutils_commands:/home/yassin_ezzat/AUR-Training-25/Phase_2/task5/install/turtle_pkg/lib/python3.12/site-packages:${PYTHONPATH} /usr/bin/python3 -W ignore:setup.py install is deprecated -W ignore:easy_install command is deprecated setup.py egg_info --egg-base ../../build/turtle_pkg build --build-base /home/yassin_ezzat/AUR-Training-25/Phase_2/task5/build/turtle_pkg/build install --record /home/yassin_ezzat/AUR-Training-25/Phase_2/task5/build/turtle_pkg/install.log --install-scripts $base/lib/turtle_pkg --single-version-externally-managed install_data
[6.009s] DEBUG:colcon.colcon_core.event_handler.log_command:Invoked command in '/home/yassin_ezzat/AUR-Training-25/Phase_2/task5/src/turtle_pkg' returned '0': PYTHONPATH=/home/yassin_ezzat/AUR-Training-25/Phase_2/task5/build/turtle_pkg/prefix_override:/usr/lib/python3/dist-packages/colcon_core/task/python/colcon_distutils_commands:/home/yassin_ezzat/AUR-Training-25/Phase_2/task5/install/turtle_pkg/lib/python3.12/site-packages:${PYTHONPATH} /usr/bin/python3 -W ignore:setup.py install is deprecated -W ignore:easy_install command is deprecated setup.py egg_info --egg-base ../../build/turtle_pkg build --build-base /home/yassin_ezzat/AUR-Training-25/Phase_2/task5/build/turtle_pkg/build install --record /home/yassin_ezzat/AUR-Training-25/Phase_2/task5/build/turtle_pkg/install.log --install-scripts $base/lib/turtle_pkg --single-version-externally-managed install_data
[6.019s] Level 1:colcon.colcon_core.environment:checking '/home/yassin_ezzat/AUR-Training-25/Phase_2/task5/install/turtle_pkg' for CMake module files
[6.020s] Level 1:colcon.colcon_core.environment:checking '/home/yassin_ezzat/AUR-Training-25/Phase_2/task5/install/turtle_pkg' for CMake config files
[6.022s] Level 1:colcon.colcon_core.environment:checking '/home/yassin_ezzat/AUR-Training-25/Phase_2/task5/install/turtle_pkg/lib'
[6.023s] Level 1:colcon.colcon_core.environment:checking '/home/yassin_ezzat/AUR-Training-25/Phase_2/task5/install/turtle_pkg/bin'
[6.023s] Level 1:colcon.colcon_core.environment:checking '/home/yassin_ezzat/AUR-Training-25/Phase_2/task5/install/turtle_pkg/lib/pkgconfig/turtle_pkg.pc'
[6.024s] Level 1:colcon.colcon_core.environment:checking '/home/yassin_ezzat/AUR-Training-25/Phase_2/task5/install/turtle_pkg/lib/python3.12/site-packages'
[6.025s] Level 1:colcon.colcon_core.shell:create_environment_hook('turtle_pkg', 'pythonpath')
[6.025s] INFO:colcon.colcon_core.shell:Creating environment descriptor '/home/yassin_ezzat/AUR-Training-25/Phase_2/task5/install/turtle_pkg/share/turtle_pkg/hook/pythonpath.dsv'
[6.027s] INFO:colcon.colcon_core.shell:Creating environment hook '/home/yassin_ezzat/AUR-Training-25/Phase_2/task5/install/turtle_pkg/share/turtle_pkg/hook/pythonpath.sh'
[6.031s] Level 1:colcon.colcon_core.environment:checking '/home/yassin_ezzat/AUR-Training-25/Phase_2/task5/install/turtle_pkg/bin'
[6.031s] Level 1:colcon.colcon_core.environment:create_environment_scripts_only(turtle_pkg)
[6.032s] INFO:colcon.colcon_core.shell:Creating package descriptor '/home/yassin_ezzat/AUR-Training-25/Phase_2/task5/install/turtle_pkg/share/turtle_pkg/package.dsv'
[6.034s] INFO:colcon.colcon_core.shell:Creating package script '/home/yassin_ezzat/AUR-Training-25/Phase_2/task5/install/turtle_pkg/share/turtle_pkg/package.sh'
[6.036s] INFO:colcon.colcon_core.shell:Creating package script '/home/yassin_ezzat/AUR-Training-25/Phase_2/task5/install/turtle_pkg/share/turtle_pkg/package.bash'
[6.039s] INFO:colcon.colcon_core.shell:Creating package script '/home/yassin_ezzat/AUR-Training-25/Phase_2/task5/install/turtle_pkg/share/turtle_pkg/package.zsh'
[6.042s] Level 1:colcon.colcon_core.environment:create_file_with_runtime_dependencies(/home/yassin_ezzat/AUR-Training-25/Phase_2/task5/install/turtle_pkg/share/colcon-core/packages/turtle_pkg)
[6.043s] DEBUG:colcon.colcon_parallel_executor.executor.parallel:closing loop
[6.044s] DEBUG:colcon.colcon_parallel_executor.executor.parallel:loop closed
[6.055s] DEBUG:colcon.colcon_parallel_executor.executor.parallel:run_until_complete finished with '0'
[6.055s] DEBUG:colcon.colcon_core.event_reactor:joining thread
[6.162s] INFO:colcon.colcon_core.plugin_system:Skipping extension 'colcon_notification.desktop_notification.notify_send': Could not find 'notify-send'
[6.162s] INFO:colcon.colcon_core.plugin_system:Skipping extension 'colcon_notification.desktop_notification.terminal_notifier': Not used on non-Darwin systems
[6.163s] INFO:colcon.colcon_core.plugin_system:Skipping extension 'colcon_notification.desktop_notification.win32': Not used on non-Windows systems
[6.163s] INFO:colcon.colcon_notification.desktop_notification:Sending desktop notification using 'notify2'
[6.183s] DEBUG:colcon.colcon_notification.desktop_notification.notify2:Failed to initialize notify2: org.freedesktop.DBus.Error.ServiceUnknown: The name org.freedesktop.Notifications was not provided by any .service files
[6.187s] DEBUG:colcon.colcon_core.event_reactor:joined thread
[6.188s] INFO:colcon.colcon_core.shell:Creating prefix script '/home/yassin_ezzat/AUR-Training-25/Phase_2/task5/install/local_setup.sh'
[6.197s] INFO:colcon.colcon_core.shell:Creating prefix util module '/home/yassin_ezzat/AUR-Training-25/Phase_2/task5/install/_local_setup_util_sh.py'
[6.207s] INFO:colcon.colcon_core.shell:Creating prefix chain script '/home/yassin_ezzat/AUR-Training-25/Phase_2/task5/install/setup.sh'
[6.212s] INFO:colcon.colcon_core.shell:Creating prefix script '/home/yassin_ezzat/AUR-Training-25/Phase_2/task5/install/local_setup.bash'
[6.222s] INFO:colcon.colcon_core.shell:Creating prefix chain script '/home/yassin_ezzat/AUR-Training-25/Phase_2/task5/install/setup.bash'
[6.225s] INFO:colcon.colcon_core.shell:Creating prefix script '/home/yassin_ezzat/AUR-Training-25/Phase_2/task5/install/local_setup.zsh'
[6.226s] INFO:colcon.colcon_core.shell:Creating prefix chain script '/home/yassin_ezzat/AUR-Training-25/Phase_2/task5/install/setup.zsh'
