[1.564s] DEBUG:colcon:Command line arguments: ['/usr/bin/colcon', 'build']
[1.565s] DEBUG:colcon:Parsed command line arguments: Namespace(log_base=None, log_level=None, verb_name='build', build_base='build', install_base='install', merge_install=False, symlink_install=False, test_result_base=None, continue_on_error=False, executor='parallel', parallel_workers=2, event_handlers=None, ignore_user_meta=False, metas=['./colcon.meta'], base_paths=['.'], packages_ignore=None, packages_ignore_regex=None, paths=None, packages_up_to=None, packages_up_to_regex=None, packages_above=None, packages_above_and_dependencies=None, packages_above_depth=None, packages_select_by_dep=None, packages_skip_by_dep=None, packages_skip_up_to=None, packages_select_build_failed=False, packages_skip_build_finished=False, packages_select_test_failures=False, packages_skip_test_passed=False, packages_select=None, packages_skip=None, packages_select_regex=None, packages_skip_regex=None, packages_start=None, packages_end=None, cmake_args=None, cmake_target=None, cmake_target_skip_unavailable=False, cmake_clean_cache=False, cmake_clean_first=False, cmake_force_configure=False, ament_cmake_args=None, catkin_cmake_args=None, catkin_skip_building_tests=False, verb_parser=<colcon_defaults.argument_parser.defaults.DefaultArgumentsDecorator object at 0x77472470d670>, verb_extension=<colcon_core.verb.build.BuildVerb object at 0x774724831cd0>, main=<bound method BuildVerb.main of <colcon_core.verb.build.BuildVerb object at 0x774724831cd0>>)
[1.882s] Level 1:colcon.colcon_core.package_discovery:discover_packages(colcon_meta) check parameters
[1.882s] Level 1:colcon.colcon_core.package_discovery:discover_packages(recursive) check parameters
[1.883s] Level 1:colcon.colcon_core.package_discovery:discover_packages(ignore) check parameters
[1.883s] Level 1:colcon.colcon_core.package_discovery:discover_packages(path) check parameters
[1.883s] Level 1:colcon.colcon_core.package_discovery:discover_packages(colcon_meta) discover
[1.883s] Level 1:colcon.colcon_core.package_discovery:discover_packages(recursive) discover
[1.883s] INFO:colcon.colcon_core.package_discovery:Crawling recursively for packages in '/home/yassin_ezzat/AUR-Training-25/Phase_2/task5'
[1.884s] Level 1:colcon.colcon_core.package_identification:_identify(.) by extensions ['ignore', 'ignore_ament_install']
[1.885s] Level 1:colcon.colcon_core.package_identification:_identify(.) by extension 'ignore'
[1.886s] Level 1:colcon.colcon_core.package_identification:_identify(.) by extension 'ignore_ament_install'
[1.887s] Level 1:colcon.colcon_core.package_identification:_identify(.) by extensions ['colcon_pkg']
[1.887s] Level 1:colcon.colcon_core.package_identification:_identify(.) by extension 'colcon_pkg'
[1.888s] Level 1:colcon.colcon_core.package_identification:_identify(.) by extensions ['colcon_meta']
[1.888s] Level 1:colcon.colcon_core.package_identification:_identify(.) by extension 'colcon_meta'
[1.888s] Level 1:colcon.colcon_core.package_identification:_identify(.) by extensions ['ros']
[1.888s] Level 1:colcon.colcon_core.package_identification:_identify(.) by extension 'ros'
[2.092s] Level 1:colcon.colcon_core.package_identification:_identify(.) by extensions ['cmake', 'python']
[2.092s] Level 1:colcon.colcon_core.package_identification:_identify(.) by extension 'cmake'
[2.093s] Level 1:colcon.colcon_core.package_identification:_identify(.) by extension 'python'
[2.095s] Level 1:colcon.colcon_core.package_identification:_identify(.) by extensions ['python_setup_py']
[2.095s] Level 1:colcon.colcon_core.package_identification:_identify(.) by extension 'python_setup_py'
[2.095s] Level 1:colcon.colcon_core.package_identification:_identify(build) by extensions ['ignore', 'ignore_ament_install']
[2.096s] Level 1:colcon.colcon_core.package_identification:_identify(build) by extension 'ignore'
[2.096s] Level 1:colcon.colcon_core.package_identification:_identify(build) ignored
[2.097s] Level 1:colcon.colcon_core.package_identification:_identify(install) by extensions ['ignore', 'ignore_ament_install']
[2.097s] Level 1:colcon.colcon_core.package_identification:_identify(install) by extension 'ignore'
[2.098s] Level 1:colcon.colcon_core.package_identification:_identify(install) ignored
[2.098s] Level 1:colcon.colcon_core.package_identification:_identify(log) by extensions ['ignore', 'ignore_ament_install']
[2.099s] Level 1:colcon.colcon_core.package_identification:_identify(log) by extension 'ignore'
[2.099s] Level 1:colcon.colcon_core.package_identification:_identify(log) ignored
[2.100s] Level 1:colcon.colcon_core.package_identification:_identify(src) by extensions ['ignore', 'ignore_ament_install']
[2.100s] Level 1:colcon.colcon_core.package_identification:_identify(src) by extension 'ignore'
[2.101s] Level 1:colcon.colcon_core.package_identification:_identify(src) by extension 'ignore_ament_install'
[2.101s] Level 1:colcon.colcon_core.package_identification:_identify(src) by extensions ['colcon_pkg']
[2.102s] Level 1:colcon.colcon_core.package_identification:_identify(src) by extension 'colcon_pkg'
[2.102s] Level 1:colcon.colcon_core.package_identification:_identify(src) by extensions ['colcon_meta']
[2.102s] Level 1:colcon.colcon_core.package_identification:_identify(src) by extension 'colcon_meta'
[2.102s] Level 1:colcon.colcon_core.package_identification:_identify(src) by extensions ['ros']
[2.102s] Level 1:colcon.colcon_core.package_identification:_identify(src) by extension 'ros'
[2.103s] Level 1:colcon.colcon_core.package_identification:_identify(src) by extensions ['cmake', 'python']
[2.103s] Level 1:colcon.colcon_core.package_identification:_identify(src) by extension 'cmake'
[2.103s] Level 1:colcon.colcon_core.package_identification:_identify(src) by extension 'python'
[2.103s] Level 1:colcon.colcon_core.package_identification:_identify(src) by extensions ['python_setup_py']
[2.104s] Level 1:colcon.colcon_core.package_identification:_identify(src) by extension 'python_setup_py'
[2.104s] Level 1:colcon.colcon_core.package_identification:_identify(src/turtle_pkg) by extensions ['ignore', 'ignore_ament_install']
[2.105s] Level 1:colcon.colcon_core.package_identification:_identify(src/turtle_pkg) by extension 'ignore'
[2.105s] Level 1:colcon.colcon_core.package_identification:_identify(src/turtle_pkg) by extension 'ignore_ament_install'
[2.106s] Level 1:colcon.colcon_core.package_identification:_identify(src/turtle_pkg) by extensions ['colcon_pkg']
[2.106s] Level 1:colcon.colcon_core.package_identification:_identify(src/turtle_pkg) by extension 'colcon_pkg'
[2.106s] Level 1:colcon.colcon_core.package_identification:_identify(src/turtle_pkg) by extensions ['colcon_meta']
[2.106s] Level 1:colcon.colcon_core.package_identification:_identify(src/turtle_pkg) by extension 'colcon_meta'
[2.106s] Level 1:colcon.colcon_core.package_identification:_identify(src/turtle_pkg) by extensions ['ros']
[2.107s] Level 1:colcon.colcon_core.package_identification:_identify(src/turtle_pkg) by extension 'ros'
[2.132s] DEBUG:colcon.colcon_core.package_identification:Package 'src/turtle_pkg' with type 'ros.ament_python' and name 'turtle_pkg'
[2.133s] Level 1:colcon.colcon_core.package_discovery:discover_packages(recursive) using defaults
[2.133s] Level 1:colcon.colcon_core.package_discovery:discover_packages(ignore) discover
[2.133s] Level 1:colcon.colcon_core.package_discovery:discover_packages(ignore) using defaults
[2.133s] Level 1:colcon.colcon_core.package_discovery:discover_packages(path) discover
[2.133s] Level 1:colcon.colcon_core.package_discovery:discover_packages(path) using defaults
[2.359s] Level 5:colcon.colcon_core.verb:set package 'turtle_pkg' build argument 'cmake_args' from command line to 'None'
[2.359s] Level 5:colcon.colcon_core.verb:set package 'turtle_pkg' build argument 'cmake_target' from command line to 'None'
[2.360s] Level 5:colcon.colcon_core.verb:set package 'turtle_pkg' build argument 'cmake_target_skip_unavailable' from command line to 'False'
[2.360s] Level 5:colcon.colcon_core.verb:set package 'turtle_pkg' build argument 'cmake_clean_cache' from command line to 'False'
[2.360s] Level 5:colcon.colcon_core.verb:set package 'turtle_pkg' build argument 'cmake_clean_first' from command line to 'False'
[2.361s] Level 5:colcon.colcon_core.verb:set package 'turtle_pkg' build argument 'cmake_force_configure' from command line to 'False'
[2.361s] Level 5:colcon.colcon_core.verb:set package 'turtle_pkg' build argument 'ament_cmake_args' from command line to 'None'
[2.361s] Level 5:colcon.colcon_core.verb:set package 'turtle_pkg' build argument 'catkin_cmake_args' from command line to 'None'
[2.361s] Level 5:colcon.colcon_core.verb:set package 'turtle_pkg' build argument 'catkin_skip_building_tests' from command line to 'False'
[2.361s] DEBUG:colcon.colcon_core.verb:Building package 'turtle_pkg' with the following arguments: {'ament_cmake_args': None, 'build_base': '/home/yassin_ezzat/AUR-Training-25/Phase_2/task5/build/turtle_pkg', 'catkin_cmake_args': None, 'catkin_skip_building_tests': False, 'cmake_args': None, 'cmake_clean_cache': False, 'cmake_clean_first': False, 'cmake_force_configure': False, 'cmake_target': None, 'cmake_target_skip_unavailable': False, 'install_base': '/home/yassin_ezzat/AUR-Training-25/Phase_2/task5/install/turtle_pkg', 'merge_install': False, 'path': '/home/yassin_ezzat/AUR-Training-25/Phase_2/task5/src/turtle_pkg', 'symlink_install': False, 'test_result_base': None}
[2.361s] INFO:colcon.colcon_core.executor:Executing jobs using 'parallel' executor
[2.368s] DEBUG:colcon.colcon_parallel_executor.executor.parallel:run_until_complete
[2.370s] INFO:colcon.colcon_ros.task.ament_python.build:Building ROS package in '/home/yassin_ezzat/AUR-Training-25/Phase_2/task5/src/turtle_pkg' with build type 'ament_python'
[2.371s] Level 1:colcon.colcon_core.shell:create_environment_hook('turtle_pkg', 'ament_prefix_path')
[2.414s] INFO:colcon.colcon_core.plugin_system:Skipping extension 'colcon_core.shell.bat': Not used on non-Windows systems
[2.416s] INFO:colcon.colcon_core.shell:Creating environment descriptor '/home/yassin_ezzat/AUR-Training-25/Phase_2/task5/install/turtle_pkg/share/turtle_pkg/hook/ament_prefix_path.dsv'
[2.423s] INFO:colcon.colcon_core.shell:Creating environment hook '/home/yassin_ezzat/AUR-Training-25/Phase_2/task5/install/turtle_pkg/share/turtle_pkg/hook/ament_prefix_path.sh'
[2.427s] DEBUG:colcon.colcon_core.shell:Skip shell extension 'dsv' for command environment
[3.281s] INFO:colcon.colcon_core.task.python.build:Building Python package in '/home/yassin_ezzat/AUR-Training-25/Phase_2/task5/src/turtle_pkg'
[3.282s] DEBUG:colcon.colcon_core.shell:Skip shell extension 'dsv' for command environment
[6.532s] DEBUG:colcon.colcon_core.event_handler.log_command:Invoking command in '/home/yassin_ezzat/AUR-Training-25/Phase_2/task5/src/turtle_pkg': PYTHONPATH=/home/yassin_ezzat/AUR-Training-25/Phase_2/task5/build/turtle_pkg/prefix_override:/usr/lib/python3/dist-packages/colcon_core/task/python/colcon_distutils_commands:/home/yassin_ezzat/AUR-Training-25/Phase_2/task5/install/turtle_pkg/lib/python3.12/site-packages:${PYTHONPATH} /usr/bin/python3 -W ignore:setup.py install is deprecated -W ignore:easy_install command is deprecated setup.py egg_info --egg-base ../../build/turtle_pkg build --build-base /home/yassin_ezzat/AUR-Training-25/Phase_2/task5/build/turtle_pkg/build install --record /home/yassin_ezzat/AUR-Training-25/Phase_2/task5/build/turtle_pkg/install.log --install-scripts $base/lib/turtle_pkg --single-version-externally-managed install_data
[8.232s] DEBUG:colcon.colcon_core.event_handler.log_command:Invoked command in '/home/yassin_ezzat/AUR-Training-25/Phase_2/task5/src/turtle_pkg' returned '0': PYTHONPATH=/home/yassin_ezzat/AUR-Training-25/Phase_2/task5/build/turtle_pkg/prefix_override:/usr/lib/python3/dist-packages/colcon_core/task/python/colcon_distutils_commands:/home/yassin_ezzat/AUR-Training-25/Phase_2/task5/install/turtle_pkg/lib/python3.12/site-packages:${PYTHONPATH} /usr/bin/python3 -W ignore:setup.py install is deprecated -W ignore:easy_install command is deprecated setup.py egg_info --egg-base ../../build/turtle_pkg build --build-base /home/yassin_ezzat/AUR-Training-25/Phase_2/task5/build/turtle_pkg/build install --record /home/yassin_ezzat/AUR-Training-25/Phase_2/task5/build/turtle_pkg/install.log --install-scripts $base/lib/turtle_pkg --single-version-externally-managed install_data
[8.279s] Level 1:colcon.colcon_core.environment:checking '/home/yassin_ezzat/AUR-Training-25/Phase_2/task5/install/turtle_pkg' for CMake module files
[8.282s] Level 1:colcon.colcon_core.environment:checking '/home/yassin_ezzat/AUR-Training-25/Phase_2/task5/install/turtle_pkg' for CMake config files
[8.284s] Level 1:colcon.colcon_core.environment:checking '/home/yassin_ezzat/AUR-Training-25/Phase_2/task5/install/turtle_pkg/lib'
[8.289s] Level 1:colcon.colcon_core.environment:checking '/home/yassin_ezzat/AUR-Training-25/Phase_2/task5/install/turtle_pkg/bin'
[8.290s] Level 1:colcon.colcon_core.environment:checking '/home/yassin_ezzat/AUR-Training-25/Phase_2/task5/install/turtle_pkg/lib/pkgconfig/turtle_pkg.pc'
[8.291s] Level 1:colcon.colcon_core.environment:checking '/home/yassin_ezzat/AUR-Training-25/Phase_2/task5/install/turtle_pkg/lib/python3.12/site-packages'
[8.291s] Level 1:colcon.colcon_core.shell:create_environment_hook('turtle_pkg', 'pythonpath')
[8.295s] INFO:colcon.colcon_core.shell:Creating environment descriptor '/home/yassin_ezzat/AUR-Training-25/Phase_2/task5/install/turtle_pkg/share/turtle_pkg/hook/pythonpath.dsv'
[8.296s] INFO:colcon.colcon_core.shell:Creating environment hook '/home/yassin_ezzat/AUR-Training-25/Phase_2/task5/install/turtle_pkg/share/turtle_pkg/hook/pythonpath.sh'
[8.298s] Level 1:colcon.colcon_core.environment:checking '/home/yassin_ezzat/AUR-Training-25/Phase_2/task5/install/turtle_pkg/bin'
[8.298s] Level 1:colcon.colcon_core.environment:create_environment_scripts_only(turtle_pkg)
[8.299s] INFO:colcon.colcon_core.shell:Creating package descriptor '/home/yassin_ezzat/AUR-Training-25/Phase_2/task5/install/turtle_pkg/share/turtle_pkg/package.dsv'
[8.302s] INFO:colcon.colcon_core.shell:Creating package script '/home/yassin_ezzat/AUR-Training-25/Phase_2/task5/install/turtle_pkg/share/turtle_pkg/package.sh'
[8.304s] INFO:colcon.colcon_core.shell:Creating package script '/home/yassin_ezzat/AUR-Training-25/Phase_2/task5/install/turtle_pkg/share/turtle_pkg/package.bash'
[8.308s] INFO:colcon.colcon_core.shell:Creating package script '/home/yassin_ezzat/AUR-Training-25/Phase_2/task5/install/turtle_pkg/share/turtle_pkg/package.zsh'
[8.312s] Level 1:colcon.colcon_core.environment:create_file_with_runtime_dependencies(/home/yassin_ezzat/AUR-Training-25/Phase_2/task5/install/turtle_pkg/share/colcon-core/packages/turtle_pkg)
[8.315s] DEBUG:colcon.colcon_parallel_executor.executor.parallel:closing loop
[8.316s] DEBUG:colcon.colcon_parallel_executor.executor.parallel:loop closed
[8.318s] DEBUG:colcon.colcon_parallel_executor.executor.parallel:run_until_complete finished with '0'
[8.318s] DEBUG:colcon.colcon_core.event_reactor:joining thread
[8.442s] INFO:colcon.colcon_core.plugin_system:Skipping extension 'colcon_notification.desktop_notification.notify_send': Could not find 'notify-send'
[8.443s] INFO:colcon.colcon_core.plugin_system:Skipping extension 'colcon_notification.desktop_notification.terminal_notifier': Not used on non-Darwin systems
[8.443s] INFO:colcon.colcon_core.plugin_system:Skipping extension 'colcon_notification.desktop_notification.win32': Not used on non-Windows systems
[8.444s] INFO:colcon.colcon_notification.desktop_notification:Sending desktop notification using 'notify2'
[8.572s] DEBUG:colcon.colcon_notification.desktop_notification.notify2:Failed to initialize notify2: org.freedesktop.DBus.Error.ServiceUnknown: The name org.freedesktop.Notifications was not provided by any .service files
[8.573s] DEBUG:colcon.colcon_core.event_reactor:joined thread
[8.580s] INFO:colcon.colcon_core.shell:Creating prefix script '/home/yassin_ezzat/AUR-Training-25/Phase_2/task5/install/local_setup.sh'
[8.587s] INFO:colcon.colcon_core.shell:Creating prefix util module '/home/yassin_ezzat/AUR-Training-25/Phase_2/task5/install/_local_setup_util_sh.py'
[8.594s] INFO:colcon.colcon_core.shell:Creating prefix chain script '/home/yassin_ezzat/AUR-Training-25/Phase_2/task5/install/setup.sh'
[8.598s] INFO:colcon.colcon_core.shell:Creating prefix script '/home/yassin_ezzat/AUR-Training-25/Phase_2/task5/install/local_setup.bash'
[8.601s] INFO:colcon.colcon_core.shell:Creating prefix chain script '/home/yassin_ezzat/AUR-Training-25/Phase_2/task5/install/setup.bash'
[8.604s] INFO:colcon.colcon_core.shell:Creating prefix script '/home/yassin_ezzat/AUR-Training-25/Phase_2/task5/install/local_setup.zsh'
[8.607s] INFO:colcon.colcon_core.shell:Creating prefix chain script '/home/yassin_ezzat/AUR-Training-25/Phase_2/task5/install/setup.zsh'
