[2.835s] Invoking command in '/home/yassin_ezzat/AUR-Training-25/Phase_2/task5/src/turtle_pkg': PYTHONPATH=/home/yassin_ezzat/AUR-Training-25/Phase_2/task5/build/turtle_pkg/prefix_override:/usr/lib/python3/dist-packages/colcon_core/task/python/colcon_distutils_commands:/home/yassin_ezzat/AUR-Training-25/Phase_2/task5/install/turtle_pkg/lib/python3.12/site-packages:${PYTHONPATH} /usr/bin/python3 -W ignore:setup.py install is deprecated -W ignore:easy_install command is deprecated setup.py egg_info --egg-base ../../build/turtle_pkg build --build-base /home/yassin_ezzat/AUR-Training-25/Phase_2/task5/build/turtle_pkg/build install --record /home/yassin_ezzat/AUR-Training-25/Phase_2/task5/build/turtle_pkg/install.log --install-scripts $base/lib/turtle_pkg --single-version-externally-managed install_data
[3.389s] /usr/lib/python3/dist-packages/setuptools/dist.py:744: SetuptoolsDeprecationWarning: Invalid dash-separated options
[3.390s] !!
[3.390s] 
[3.390s]         ********************************************************************************
[3.391s]         Usage of dash-separated 'script-dir' will not be supported in future
[3.391s]         versions. Please use the underscore name 'script_dir' instead.
[3.391s] 
[3.392s]         This deprecation is overdue, please update your project and remove deprecated
[3.392s]         calls to avoid build errors in the future.
[3.392s] 
[3.397s]         See https://setuptools.pypa.io/en/latest/userguide/declarative_config.html for details.
[3.397s]         ********************************************************************************
[3.397s] 
[3.398s] !!
[3.398s]   opt = self.warn_dash_deprecation(opt, section)
[3.850s] running egg_info
[3.851s] creating ../../build/turtle_pkg/turtle_pkg.egg-info
[3.919s] writing ../../build/turtle_pkg/turtle_pkg.egg-info/PKG-INFO
[3.919s] writing dependency_links to ../../build/turtle_pkg/turtle_pkg.egg-info/dependency_links.txt
[3.922s] writing entry points to ../../build/turtle_pkg/turtle_pkg.egg-info/entry_points.txt
[3.923s] writing requirements to ../../build/turtle_pkg/turtle_pkg.egg-info/requires.txt
[3.925s] writing top-level names to ../../build/turtle_pkg/turtle_pkg.egg-info/top_level.txt
[3.925s] writing manifest file '../../build/turtle_pkg/turtle_pkg.egg-info/SOURCES.txt'
[4.053s] reading manifest file '../../build/turtle_pkg/turtle_pkg.egg-info/SOURCES.txt'
[4.055s] writing manifest file '../../build/turtle_pkg/turtle_pkg.egg-info/SOURCES.txt'
[4.057s] running build
[4.057s] running build_py
[4.058s] creating /home/yassin_ezzat/AUR-Training-25/Phase_2/task5/build/turtle_pkg/build
[4.061s] creating /home/yassin_ezzat/AUR-Training-25/Phase_2/task5/build/turtle_pkg/build/lib
[4.061s] creating /home/yassin_ezzat/AUR-Training-25/Phase_2/task5/build/turtle_pkg/build/lib/turtle_pkg
[4.064s] copying turtle_pkg/turtle_chase.py -> /home/yassin_ezzat/AUR-Training-25/Phase_2/task5/build/turtle_pkg/build/lib/turtle_pkg
[4.066s] copying turtle_pkg/__init__.py -> /home/yassin_ezzat/AUR-Training-25/Phase_2/task5/build/turtle_pkg/build/lib/turtle_pkg
[4.068s] running install
[4.100s] running install_lib
[4.161s] creating /home/yassin_ezzat/AUR-Training-25/Phase_2/task5/install/turtle_pkg/lib/python3.12/site-packages/turtle_pkg
[4.163s] copying /home/yassin_ezzat/AUR-Training-25/Phase_2/task5/build/turtle_pkg/build/lib/turtle_pkg/turtle_chase.py -> /home/yassin_ezzat/AUR-Training-25/Phase_2/task5/install/turtle_pkg/lib/python3.12/site-packages/turtle_pkg
[4.165s] copying /home/yassin_ezzat/AUR-Training-25/Phase_2/task5/build/turtle_pkg/build/lib/turtle_pkg/__init__.py -> /home/yassin_ezzat/AUR-Training-25/Phase_2/task5/install/turtle_pkg/lib/python3.12/site-packages/turtle_pkg
[4.167s] byte-compiling /home/yassin_ezzat/AUR-Training-25/Phase_2/task5/install/turtle_pkg/lib/python3.12/site-packages/turtle_pkg/turtle_chase.py to turtle_chase.cpython-312.pyc
[4.175s] byte-compiling /home/yassin_ezzat/AUR-Training-25/Phase_2/task5/install/turtle_pkg/lib/python3.12/site-packages/turtle_pkg/__init__.py to __init__.cpython-312.pyc
[4.178s] running install_data
[4.181s] creating /home/yassin_ezzat/AUR-Training-25/Phase_2/task5/install/turtle_pkg/share/ament_index
[4.182s] creating /home/yassin_ezzat/AUR-Training-25/Phase_2/task5/install/turtle_pkg/share/ament_index/resource_index
[4.182s] creating /home/yassin_ezzat/AUR-Training-25/Phase_2/task5/install/turtle_pkg/share/ament_index/resource_index/packages
[4.185s] copying resource/turtle_pkg -> /home/yassin_ezzat/AUR-Training-25/Phase_2/task5/install/turtle_pkg/share/ament_index/resource_index/packages
[4.186s] copying package.xml -> /home/yassin_ezzat/AUR-Training-25/Phase_2/task5/install/turtle_pkg/share/turtle_pkg
[4.187s] creating /home/yassin_ezzat/AUR-Training-25/Phase_2/task5/install/turtle_pkg/share/turtle_pkg/launch
[4.187s] copying launch/turtle_chase_launch.py -> /home/yassin_ezzat/AUR-Training-25/Phase_2/task5/install/turtle_pkg/share/turtle_pkg/launch
[4.192s] running install_egg_info
[4.255s] Copying ../../build/turtle_pkg/turtle_pkg.egg-info to /home/yassin_ezzat/AUR-Training-25/Phase_2/task5/install/turtle_pkg/lib/python3.12/site-packages/turtle_pkg-0.0.0-py3.12.egg-info
[4.262s] running install_scripts
[4.730s] Installing turtle_chase script to /home/yassin_ezzat/AUR-Training-25/Phase_2/task5/install/turtle_pkg/lib/turtle_pkg
[4.733s] writing list of installed files to '/home/yassin_ezzat/AUR-Training-25/Phase_2/task5/build/turtle_pkg/install.log'
[4.837s] Invoked command in '/home/yassin_ezzat/AUR-Training-25/Phase_2/task5/src/turtle_pkg' returned '0': PYTHONPATH=/home/yassin_ezzat/AUR-Training-25/Phase_2/task5/build/turtle_pkg/prefix_override:/usr/lib/python3/dist-packages/colcon_core/task/python/colcon_distutils_commands:/home/yassin_ezzat/AUR-Training-25/Phase_2/task5/install/turtle_pkg/lib/python3.12/site-packages:${PYTHONPATH} /usr/bin/python3 -W ignore:setup.py install is deprecated -W ignore:easy_install command is deprecated setup.py egg_info --egg-base ../../build/turtle_pkg build --build-base /home/yassin_ezzat/AUR-Training-25/Phase_2/task5/build/turtle_pkg/build install --record /home/yassin_ezzat/AUR-Training-25/Phase_2/task5/build/turtle_pkg/install.log --install-scripts $base/lib/turtle_pkg --single-version-externally-managed install_data
